[393781.122] 
X.Org X Server 1.20.13
X Protocol Version 11, Revision 0
[393781.122] Build Operating System: linux Ubuntu
[393781.122] Current Operating System: Linux dd3b7dc9c982 5.4.0-122-generic #138-Ubuntu SMP Wed Jun 22 15:00:31 UTC 2022 x86_64
[393781.123] Kernel command line: BOOT_IMAGE=/boot/vmlinuz-5.4.0-122-generic root=UUID=bfd29d72-f39a-4dc1-bd8b-3b7c99de216d ro net.ifnames=0 net.ifnames=0
[393781.123] Build Date: 06 July 2022  01:53:24PM
[393781.123] xorg-server 2:1.20.13-1ubuntu1~20.04.3 (For technical support please see http://www.ubuntu.com/support) 
[393781.124] Current version of pixman: 0.38.4
[393781.124] 	Before reporting problems, check http://wiki.x.org
	to make sure that you have the latest version.
[393781.124] Markers: (--) probed, (**) from config file, (==) default setting,
	(++) from command line, (!!) notice, (II) informational,
	(WW) warning, (EE) error, (NI) not implemented, (??) unknown.
[393781.126] (++) Log file: ".xorgxrdp.10.log", Time: Mon Aug 22 10:19:40 2022
[393781.132] (++) Using config file: "/etc/X11/xrdp/xorg.conf"
[393781.132] (==) Using system config directory "/usr/share/X11/xorg.conf.d"
[393781.134] (==) ServerLayout "X11 Server"
[393781.134] (**) |-->Screen "Screen (xrdpdev)" (0)
[393781.134] (**) |   |-->Monitor "Monitor"
[393781.134] (**) |   |-->Device "Video Card (xrdpdev)"
[393781.134] (**) |-->Input Device "xrdpMouse"
[393781.134] (**) |-->Input Device "xrdpKeyboard"
[393781.134] (**) Option "DontVTSwitch" "on"
[393781.134] (**) Option "AutoAddDevices" "off"
[393781.134] (**) Not automatically adding devices
[393781.134] (==) Automatically enabling devices
[393781.134] (==) Automatically adding GPU devices
[393781.134] (==) Automatically binding GPU devices
[393781.134] (==) Max clients allowed: 256, resource mask: 0x1fffff
[393781.139] (WW) The directory "/usr/share/fonts/X11/cyrillic" does not exist.
[393781.139] 	Entry deleted from font path.
[393781.139] (WW) The directory "/usr/share/fonts/X11/100dpi/" does not exist.
[393781.139] 	Entry deleted from font path.
[393781.139] (WW) The directory "/usr/share/fonts/X11/75dpi/" does not exist.
[393781.139] 	Entry deleted from font path.
[393781.139] (WW) The directory "/usr/share/fonts/X11/Type1" does not exist.
[393781.139] 	Entry deleted from font path.
[393781.139] (WW) The directory "/usr/share/fonts/X11/100dpi" does not exist.
[393781.139] 	Entry deleted from font path.
[393781.139] (WW) The directory "/usr/share/fonts/X11/75dpi" does not exist.
[393781.139] 	Entry deleted from font path.
[393781.139] (==) FontPath set to:
	/usr/share/fonts/X11/misc,
	built-ins
[393781.139] (==) ModulePath set to "/usr/lib/xorg/modules"
[393781.139] (II) Loader magic: 0x55dcf00e4020
[393781.139] (II) Module ABI versions:
[393781.139] 	X.Org ANSI C Emulation: 0.4
[393781.139] 	X.Org Video Driver: 24.1
[393781.139] 	X.Org XInput driver : 24.1
[393781.139] 	X.Org Server Extension : 10.0
[393781.140] (EE) dbus-core: error connecting to system bus: org.freedesktop.DBus.Error.FileNotFound (Failed to connect to socket /var/run/dbus/system_bus_socket: No such file or directory)
[393781.141] (II) xfree86: Adding drm device (/dev/dri/card0)
[393781.151] (--) PCI:*(0@0:2:0) 1013:00b8:1af4:1100 rev 0, Mem @ 0xfc000000/33554432, 0xfeb90000/4096, BIOS @ 0x????????/131072
[393781.151] (II) "glx" will be loaded. This was enabled by default and also specified in the config file.
[393781.151] (II) LoadModule: "dbe"
[393781.151] (II) Module "dbe" already built-in
[393781.151] (II) LoadModule: "ddc"
[393781.151] (II) Module "ddc" already built-in
[393781.151] (II) LoadModule: "extmod"
[393781.151] (II) Module "extmod" already built-in
[393781.151] (II) LoadModule: "glx"
[393781.153] (II) Loading /usr/lib/xorg/modules/extensions/libglx.so
[393781.170] (II) Module glx: vendor="X.Org Foundation"
[393781.170] 	compiled for 1.20.13, module version = 1.0.0
[393781.170] 	ABI class: X.Org Server Extension, version 10.0
[393781.170] (II) LoadModule: "int10"
[393781.170] (II) Loading /usr/lib/xorg/modules/libint10.so
[393781.173] (II) Module int10: vendor="X.Org Foundation"
[393781.173] 	compiled for 1.20.13, module version = 1.0.0
[393781.173] 	ABI class: X.Org Video Driver, version 24.1
[393781.173] (II) LoadModule: "record"
[393781.173] (II) Module "record" already built-in
[393781.173] (II) LoadModule: "vbe"
[393781.173] (II) Loading /usr/lib/xorg/modules/libvbe.so
[393781.176] (II) Module vbe: vendor="X.Org Foundation"
[393781.176] 	compiled for 1.20.13, module version = 1.1.0
[393781.176] 	ABI class: X.Org Video Driver, version 24.1
[393781.176] (II) LoadModule: "glamoregl"
[393781.176] (II) Loading /usr/lib/xorg/modules/libglamoregl.so
[393781.188] (II) Module glamoregl: vendor="X.Org Foundation"
[393781.188] 	compiled for 1.20.13, module version = 1.0.1
[393781.188] 	ABI class: X.Org ANSI C Emulation, version 0.4
[393781.188] (II) LoadModule: "xorgxrdp"
[393781.188] (II) Loading /usr/lib/xorg/modules/libxorgxrdp.so
[393781.190] (II) Module XORGXRDP: vendor="X.Org Foundation"
[393781.190] 	compiled for 1.20.6, module version = 0.2.12
[393781.190] 	ABI class: X.Org Video Driver, version 24.0
[393781.190] xorgxrdpSetup:
[393781.191] (II) LoadModule: "fb"
[393781.191] (II) Loading /usr/lib/xorg/modules/libfb.so
[393781.193] (II) Module fb: vendor="X.Org Foundation"
[393781.193] 	compiled for 1.20.13, module version = 1.0.0
[393781.193] 	ABI class: X.Org ANSI C Emulation, version 0.4
[393781.193] (II) LoadModule: "xrdpdev"
[393781.193] (II) Loading /usr/lib/xorg/modules/drivers/xrdpdev_drv.so
[393781.195] (II) Module XRDPDEV: vendor="X.Org Foundation"
[393781.195] 	compiled for 1.20.6, module version = 0.2.12
[393781.195] 	ABI class: X.Org Video Driver, version 24.0
[393781.195] xrdpdevSetup:
[393781.195] (II) LoadModule: "xrdpmouse"
[393781.195] (II) Loading /usr/lib/xorg/modules/input/xrdpmouse_drv.so
[393781.196] (II) Module XRDPMOUSE: vendor="X.Org Foundation"
[393781.196] 	compiled for 1.20.6, module version = 0.2.12
[393781.196] 	Module class: X.Org XInput Driver
[393781.196] 	ABI class: X.Org XInput driver, version 24.1
[393781.196] rdpmousePlug:
[393781.197] (II) LoadModule: "xrdpkeyb"
[393781.197] (II) Loading /usr/lib/xorg/modules/input/xrdpkeyb_drv.so
[393781.198] (II) Module XRDPKEYB: vendor="X.Org Foundation"
[393781.198] 	compiled for 1.20.6, module version = 0.2.12
[393781.198] 	Module class: X.Org XInput Driver
[393781.198] 	ABI class: X.Org XInput driver, version 24.1
[393781.198] rdpkeybPlug:
[393781.198] rdpIdentify:
[393781.199] (II) XRDPDEV: driver for xrdp: XRDPDEV
[393781.199] rdpDriverFunc: op 10
[393781.199] (WW) Falling back to old probe method for XRDPDEV
[393781.199] rdpProbe:
[393781.199] (II) Loading sub module "fb"
[393781.199] (II) LoadModule: "fb"
[393781.200] (II) Loading /usr/lib/xorg/modules/libfb.so
[393781.200] (II) Module fb: vendor="X.Org Foundation"
[393781.200] 	compiled for 1.20.13, module version = 1.0.0
[393781.200] 	ABI class: X.Org ANSI C Emulation, version 0.4
[393781.200] rdpProbe: found DRMDevice xorg.conf value [/dev/dri/renderD128]
[393781.201] rdpProbe: found DRI3 xorg.conf value [1]
[393781.201] (II) XRDPDEV(0): using default device
[393781.201] (WW) VGA arbiter: cannot open kernel arbiter, no multi-card support
[393781.201] rdpPreInit:
[393781.202] rdpPreInit: /dev/dri/renderD128 open failed
[393781.202] (**) XRDPDEV(0): Depth 24, (--) framebuffer bpp 32
[393781.202] (==) XRDPDEV(0): RGB weight 888
[393781.202] (==) XRDPDEV(0): Using gamma correction (1.0, 1.0, 1.0)
[393781.202] (==) XRDPDEV(0): Default visual is TrueColor
[393781.202] (==) XRDPDEV(0): DPI set to (96, 96)
[393781.202] (II) XRDPDEV(0): 	mode "640x480" ok
[393781.202] (II) XRDPDEV(0): 	mode "800x600" ok
[393781.202] (II) XRDPDEV(0): Virtual size is 800x600 (pitch 800)
[393781.202] (**) XRDPDEV(0):  Default mode "800x600": 36.0 MHz (scaled from 0.0 MHz), 35.2 kHz, 56.2 Hz
[393781.202] (II) XRDPDEV(0): Modeline "800x600"x0.0   36.00  800 824 896 1024  600 601 603 625 +hsync +vsync (35.2 kHz d)
[393781.203] rdpScreenInit: virtualX 800 virtualY 600 rgbBits 8 depth 24
[393781.204] rdpScreenInit: pfbMemory bytes 1920000
[393781.204] rdpScreenInit: pfbMemory 0x7f979ba0a010
[393781.205] rdpSimdInit: assigning yuv functions
[393781.206] rdpSimdInit: cpuid ax 1 cx 0 return ax 0x00050654 bx 0x00000800 cx 0xfffa3223 dx 0x0f8bfbff
[393781.206] rdpSimdInit: sse2 amd64 yuv functions assigned
[393781.207] (==) XRDPDEV(0): Backing store enabled
[393781.208] rdpClientConInit: disconnect idle session after [0] sec
[393781.209] rdpClientConInit: kill disconnected [0] timeout [0] sec
[393781.209] rdpXvInit: depth 24
[393781.210] rdpScreenInit: out
[393781.210] (II) Initializing extension Generic Event Extension
[393781.210] (II) Initializing extension SHAPE
[393781.210] (II) Initializing extension MIT-SHM
[393781.211] (II) Initializing extension XInputExtension
[393781.211] (II) Initializing extension XTEST
[393781.212] (II) Initializing extension BIG-REQUESTS
[393781.212] (II) Initializing extension SYNC
[393781.212] (II) Initializing extension XKEYBOARD
[393781.212] (II) Initializing extension XC-MISC
[393781.212] (II) Initializing extension SECURITY
[393781.213] (II) Initializing extension XFIXES
[393781.213] (II) Initializing extension RENDER
[393781.213] (II) Initializing extension RANDR
[393781.214] (II) Initializing extension COMPOSITE
[393781.214] (II) Initializing extension DAMAGE
[393781.214] (II) Initializing extension MIT-SCREEN-SAVER
[393781.214] (II) Initializing extension DOUBLE-BUFFER
[393781.215] (II) Initializing extension RECORD
[393781.215] (II) Initializing extension DPMS
[393781.215] (II) Initializing extension Present
[393781.215] (II) Initializing extension DRI3
[393781.215] (II) Initializing extension X-Resource
[393781.215] (II) Initializing extension XVideo
[393781.215] (II) Initializing extension XVideo-MotionCompensation
[393781.215] (II) Initializing extension SELinux
[393781.215] (II) SELinux: Disabled on system
[393781.215] (II) Initializing extension GLX
[393781.215] (II) AIGLX: Screen 0 is not DRI2 capable
[393781.474] (II) IGLX: Loaded and initialized swrast
[393781.474] (II) GLX: Initialized DRISWRAST GL provider for screen 0
[393781.474] (II) Initializing extension XFree86-VidModeExtension
[393781.475] (II) Initializing extension XFree86-DGA
[393781.475] (II) Initializing extension XFree86-DRI
[393781.475] (II) Initializing extension DRI2
[393781.476] rdpCreateScreenResources:
[393781.545] (II) Using input driver 'XRDPMOUSE' for 'xrdpMouse'
[393781.545] (**) Option "CorePointer"
[393781.545] (**) xrdpMouse: always reports core events
[393781.546] rdpmousePreInit: drv 0x55dcf1d60d30 info 0x55dcf1ec5760, flags 0x0
[393781.546] (II) XINPUT: Adding extended input device "xrdpMouse" (type: Mouse, id 6)
[393781.546] rdpmouseControl: what 0
[393781.546] rdpmouseDeviceInit:
[393781.547] rdpmouseCtrl:
[393781.547] rdpRegisterInputCallback: type 1 proc 0x7f979cf72430
[393781.547] (**) xrdpMouse: (accel) keeping acceleration scheme 1
[393781.547] (**) xrdpMouse: (accel) acceleration profile 0
[393781.547] (**) xrdpMouse: (accel) acceleration factor: 2.000
[393781.547] (**) xrdpMouse: (accel) acceleration threshold: 4
[393781.547] rdpmouseControl: what 1
[393781.548] rdpmouseDeviceOn:
[393781.548] (II) Using input driver 'XRDPKEYB' for 'xrdpKeyboard'
[393781.548] (**) Option "CoreKeyboard"
[393781.548] (**) xrdpKeyboard: always reports core events
[393781.548] rdpkeybPreInit: drv 0x55dcf1d60ce0 info 0x55dcf204d660, flags 0x0
[393781.548] (II) XINPUT: Adding extended input device "xrdpKeyboard" (type: Keyboard, id 7)
[393781.549] rdpkeybControl: what 0
[393781.549] rdpkeybDeviceInit:
[393781.570] rdpkeybChangeKeyboardControl:
[393781.570] rdpkeybChangeKeyboardControl: autoRepeat on
[393781.571] rdpRegisterInputCallback: type 0 proc 0x7f979c0fc8e0
[393781.571] rdpkeybControl: what 1
[393781.571] rdpkeybDeviceOn:
[393781.583] (II) config/udev: Adding drm device (/dev/dri/card0)
[393781.583] (II) xfree86: Adding drm device (/dev/dri/card0)
[393781.591] (EE) dbus-core: error connecting to system bus: org.freedesktop.DBus.Error.FileNotFound (Failed to connect to socket /var/run/dbus/system_bus_socket: No such file or directory)
[393781.591] rdpDeferredRandR:
[393781.592] rdpResizeSession: width 1024 height 768
[393781.592]   calling RRScreenSizeSet
[393781.592] rdpRRScreenSetSize: width 1024 height 768 mmWidth 271 mmHeight 203
[393781.593] rdpRRGetInfo:
[393781.593]   screen resized to 1024x768
[393781.596]   RRScreenSizeSet ok 1
[393781.596] rdpResizeSession: width 1024 height 768
[393781.596] rdpClientConGotConnection:
[393781.597] rdpClientConGotConnection: g_sck_accept ok new_sck 7
[393781.597] rdpClientConGetConnection: idle_disconnect_timeout set to non-positive value, idle timer turned off
[393781.597] rdpAddClientConToDev: adding first clientCon 0x55dcf2088af0
[393781.598] rdpClientConProcessMsgVersion: version 0 0 0 1
[393781.598] rdpClientConProcessScreenSizeMsg: set width 1024 height 768 bpp 16
[393781.601] rdpClientConProcessScreenSizeMsg: shmemid 0 shmemptr 0x7f979ba5f000
[393781.601] rdpClientConProcessMsgClientInput: invalidate x 0 y 0 cx 1024 cy 768
[393781.601] rdpClientConProcessMsgClientInfo:
[393781.601]   got client info bytes 5752
[393781.601]   jpeg support 0
[393781.601]   offscreen support 0
[393781.601]   offscreen size 0
[393781.601]   offscreen entries 0
[393781.601]   client supports glyph cache but server disabled
[393781.601]   client can not do offscreen to offscreen blits
[393781.601]   client can do new(color) cursor
[393781.601]   client can not do multimon
[393781.601] rdpRRSetRdpOutputs: numCrtcs 0 numOutputs 0 monitorCount 0
[393781.601] rdpRRSetRdpOutputs: add output 0 left 0 top 0 width 1024 height 768
[393781.602] rdpLoadLayout: keylayout 0x00000409 variant  display 10
[393781.602] rdpkeybChangeKeyboardControl:
[393781.602] rdpkeybChangeKeyboardControl: autoRepeat on
[393781.603] rdpkeybChangeKeyboardControl:
[393781.603] rdpkeybChangeKeyboardControl: autoRepeat on
[393781.604] (EE) Failed to open authorization file ".Xauthority": No such file or directory
[393781.671] rdpInDeferredRepeatCallback:
[393781.671] rdpkeybChangeKeyboardControl:
[393781.672] rdpkeybChangeKeyboardControl: autoRepeat off
[393781.702] rdpInDeferredRepeatCallback:
[393781.703] rdpkeybChangeKeyboardControl:
[393781.703] rdpkeybChangeKeyboardControl: autoRepeat off
[393781.703] rdpInDeferredRepeatCallback:
[393781.704] rdpkeybChangeKeyboardControl:
[393781.704] rdpkeybChangeKeyboardControl: autoRepeat off
[393791.596] (EE) dbus-core: error connecting to system bus: org.freedesktop.DBus.Error.FileNotFound (Failed to connect to socket /var/run/dbus/system_bus_socket: No such file or directory)
[393792.737] rdpClientConGotConnection:
[393792.738] rdpClientConGotConnection: g_sck_accept ok new_sck 21
[393792.739] rdpClientConGotConnection: marking only clientCon 0x55dcf2088af0 for disconnect
[393792.739] rdpClientConGetConnection: idle_disconnect_timeout set to non-positive value, idle timer turned off
[393792.740] rdpAddClientConToDev: adding clientCon 0x55dcf232f9f0
[393792.741] rdpClientConDisconnect:
[393792.742] rdpRemoveClientConFromDev: removing clientCon 0x55dcf2088af0
[393792.747] rdpClientConProcessMsgVersion: version 0 0 0 1
[393792.748] rdpClientConProcessScreenSizeMsg: set width 1872 height 929 bpp 16
[393792.749] rdpClientConProcessScreenSizeMsg: shmemid 3 shmemptr 0x7f9792e77000
[393792.750] rdpRRScreenSetSize: width 1872 height 929 mmWidth 495 mmHeight 246
[393792.752] rdpRRGetInfo:
[393792.752]   screen resized to 1872x929
[393792.766] rdpClientConProcessScreenSizeMsg: RRScreenSizeSet ok=[1]
[393792.766] rdpClientConProcessMsgClientInput: invalidate x 0 y 0 cx 1872 cy 929
[393792.766] KbdSync: toggling num lock
[393792.767] rdpkeybChangeKeyboardControl:
[393792.767] rdpkeybChangeKeyboardControl: autoRepeat off
[393792.767] rdpkeybChangeKeyboardControl:
[393792.767] rdpkeybChangeKeyboardControl: autoRepeat off
[393792.844] rdpClientConProcessMsgClientInfo:
[393792.845]   got client info bytes 5752
[393792.847]   jpeg support 0
[393792.848]   offscreen support 0
[393792.848]   offscreen size 0
[393792.849]   offscreen entries 0
[393792.849]   client supports glyph cache but server disabled
[393792.850]   client can not do offscreen to offscreen blits
[393792.851]   client can do new(color) cursor
[393792.852]   client can not do multimon
[393792.852] rdpRRSetRdpOutputs: numCrtcs 1 numOutputs 1 monitorCount 0
[393792.853] rdpRRSetRdpOutputs: update output 0 left 0 top 0 width 1872 height 929
[393792.853] rdpRRUpdateOutput:
[393792.854] rdpLoadLayout: keylayout 0x00000409 variant  display 10
[393792.855] rdpkeybChangeKeyboardControl:
[393792.856] rdpkeybChangeKeyboardControl: autoRepeat on
[393792.857] rdpkeybChangeKeyboardControl:
[393792.857] rdpkeybChangeKeyboardControl: autoRepeat on
[393792.957] rdpInDeferredRepeatCallback:
[393792.957] rdpkeybChangeKeyboardControl:
[393792.958] rdpkeybChangeKeyboardControl: autoRepeat off
[393792.958] rdpInDeferredRepeatCallback:
[393792.958] rdpkeybChangeKeyboardControl:
[393792.958] rdpkeybChangeKeyboardControl: autoRepeat off
[393801.598] (EE) dbus-core: error connecting to system bus: org.freedesktop.DBus.Error.FileNotFound (Failed to connect to socket /var/run/dbus/system_bus_socket: No such file or directory)
[393811.600] (EE) dbus-core: error connecting to system bus: org.freedesktop.DBus.Error.FileNotFound (Failed to connect to socket /var/run/dbus/system_bus_socket: No such file or directory)
[393814.807] rdpClientConRecv: g_sck_recv failed(returned 0)
[393814.808] rdpClientConRecvMsg: error
[393814.808] rdpClientConCheck: rdpClientConGotData failed
[393814.808] rdpClientConDisconnect:
[393814.809] rdpRemoveClientConFromDev: removing clientCon 0x55dcf232f9f0
[393821.608] (EE) dbus-core: error connecting to system bus: org.freedesktop.DBus.Error.FileNotFound (Failed to connect to socket /var/run/dbus/system_bus_socket: No such file or directory)
[393831.619] (EE) dbus-core: error connecting to system bus: org.freedesktop.DBus.Error.FileNotFound (Failed to connect to socket /var/run/dbus/system_bus_socket: No such file or directory)
[393841.629] (EE) dbus-core: error connecting to system bus: org.freedesktop.DBus.Error.FileNotFound (Failed to connect to socket /var/run/dbus/system_bus_socket: No such file or directory)
[393851.639] (EE) dbus-core: error connecting to system bus: org.freedesktop.DBus.Error.FileNotFound (Failed to connect to socket /var/run/dbus/system_bus_socket: No such file or directory)
[393861.650] (EE) dbus-core: error connecting to system bus: org.freedesktop.DBus.Error.FileNotFound (Failed to connect to socket /var/run/dbus/system_bus_socket: No such file or directory)
[393871.660] (EE) dbus-core: error connecting to system bus: org.freedesktop.DBus.Error.FileNotFound (Failed to connect to socket /var/run/dbus/system_bus_socket: No such file or directory)
[393881.670] (EE) dbus-core: error connecting to system bus: org.freedesktop.DBus.Error.FileNotFound (Failed to connect to socket /var/run/dbus/system_bus_socket: No such file or directory)
[393891.681] (EE) dbus-core: error connecting to system bus: org.freedesktop.DBus.Error.FileNotFound (Failed to connect to socket /var/run/dbus/system_bus_socket: No such file or directory)
[393901.689] (EE) dbus-core: error connecting to system bus: org.freedesktop.DBus.Error.FileNotFound (Failed to connect to socket /var/run/dbus/system_bus_socket: No such file or directory)
[393911.699] (EE) dbus-core: error connecting to system bus: org.freedesktop.DBus.Error.FileNotFound (Failed to connect to socket /var/run/dbus/system_bus_socket: No such file or directory)
[393921.700] (EE) dbus-core: error connecting to system bus: org.freedesktop.DBus.Error.FileNotFound (Failed to connect to socket /var/run/dbus/system_bus_socket: No such file or directory)
[393931.710] (EE) dbus-core: error connecting to system bus: org.freedesktop.DBus.Error.FileNotFound (Failed to connect to socket /var/run/dbus/system_bus_socket: No such file or directory)
[393941.727] (EE) dbus-core: error connecting to system bus: org.freedesktop.DBus.Error.FileNotFound (Failed to connect to socket /var/run/dbus/system_bus_socket: No such file or directory)
